<?xml version="1.0" encoding="UTF-8"?>
<!-- Generated by org.testng.reporters.JUnitXMLReporter -->
<testsuite hostname="DESKTOP-C6DM1BR" ignored="0" name="Test" tests="7" failures="0" timestamp="2021-04-14T23:22:31 IST" time="0.145" errors="0">
  <testcase name="testDemo" time="0.014" classname="com.actitime.testscript.Demo"/>
  <testcase name="createCustomer" time="0.003" classname="com.actitime.testscript.CustomerModule"/>
  <testcase name="createCustomer" time="0.007" classname="com.actitime.testscript.CustomerModule"/>
  <testcase name="createCustomer" time="0.004" classname="com.actitime.testscript.CustomerModule"/>
  <testcase name="createCustomer" time="0.003" classname="com.actitime.testscript.CustomerModule"/>
  <testcase name="modifyCustomer" time="0.004" classname="com.actitime.testscript.CustomerModule"/>
  <testcase name="deleteCustomer" time="0.002" classname="com.actitime.testscript.CustomerModule"/>
</testsuite> <!-- Test -->
